WePool/app/build/intermediates/manifest_merge_blame_file/debug/processDebugMainManifest/manifest-merger-blame-debug-report.txt
1<?xml version="1.0" encoding="utf-8"?>
2<manifest xmlns:android="http://schemas.android.com/apk/res/android"
3    package="com.wepool.app"
4    android:versionCode="1"
5    android:versionName="1.0" >
6
7    <uses-sdk
8        android:minSdkVersion="26"
9        android:targetSdkVersion="35" />
10
11    <uses-feature
11-->src\main\AndroidManifest.xml:5:5-88
12        android:name="android.hardware.telephony"
12-->src\main\AndroidManifest.xml:5:19-60
13        android:required="false" />
13-->src\main\AndroidManifest.xml:5:61-85
14
15    <uses-permission android:name="android.permission.INTERNET" />
15-->src\main\AndroidManifest.xml:7:5-67
15-->src\main\AndroidManifest.xml:7:22-64
16    <uses-permission android:name="android.permission.ACCESS_FINE_LOCATION" />
16-->src\main\AndroidManifest.xml:8:5-79
16-->src\main\AndroidManifest.xml:8:22-76
17    <uses-permission android:name="android.permission.ACCESS_COARSE_LOCATION" />
17-->src\main\AndroidManifest.xml:9:5-81
17-->src\main\AndroidManifest.xml:9:22-78
18    <uses-permission android:name="android.permission.ACCESS_BACKGROUND_LOCATION" />
18-->src\main\AndroidManifest.xml:10:5-85
18-->src\main\AndroidManifest.xml:10:22-82
19    <uses-permission android:name="android.permission.FOREGROUND_SERVICE" />
19-->src\main\AndroidManifest.xml:11:5-77
19-->src\main\AndroidManifest.xml:11:22-74
20    <uses-permission android:name="android.permission.FOREGROUND_SERVICE_LOCATION" />
20-->src\main\AndroidManifest.xml:12:5-86
20-->src\main\AndroidManifest.xml:12:22-83
21    <uses-permission android:name="android.permission.PACKAGE_USAGE_STATS" />
21-->src\main\AndroidManifest.xml:13:5-14:47
21-->src\main\AndroidManifest.xml:13:22-75
22    <uses-permission android:name="android.permission.POST_NOTIFICATIONS" />
22-->src\main\AndroidManifest.xml:15:5-77
22-->src\main\AndroidManifest.xml:15:22-74
23    <uses-permission android:name="android.permission.RECEIVE_SMS" />
23-->src\main\AndroidManifest.xml:16:5-69
23-->src\main\AndroidManifest.xml:16:22-67
24    <uses-permission android:name="android.permission.READ_SMS" />
24-->src\main\AndroidManifest.xml:17:5-66
24-->src\main\AndroidManifest.xml:17:22-64
25    <uses-permission android:name="android.permission.ACCESS_NETWORK_STATE" />
25-->[com.google.firebase:firebase-messaging:24.1.1] AndroidManifest.xml:22:5-79
25-->[com.google.firebase:firebase-messaging:24.1.1] AndroidManifest.xml:22:22-76
26    <uses-permission android:name="android.permission.WAKE_LOCK" /> <!-- Required by older versions of Google Play services to create IID tokens -->
26-->[com.google.firebase:firebase-messaging:24.1.1] AndroidManifest.xml:24:5-68
26-->[com.google.firebase:firebase-messaging:24.1.1] AndroidManifest.xml:24:22-65
27    <uses-permission android:name="com.google.android.c2dm.permission.RECEIVE" />
27-->[com.google.firebase:firebase-messaging:24.1.1] AndroidManifest.xml:26:5-82
27-->[com.google.firebase:firebase-messaging:24.1.1] AndroidManifest.xml:26:22-79
28
29    <uses-feature
29-->[com.google.android.gms:play-services-maps:19.2.0] AndroidManifest.xml:22:5-24:33
30        android:glEsVersion="0x00020000"
30-->[com.google.android.gms:play-services-maps:19.2.0] AndroidManifest.xml:23:8-40
31        android:required="true" />
31-->[com.google.android.gms:play-services-maps:19.2.0] AndroidManifest.xml:24:8-31
32
33    <queries>
33-->[com.google.android.gms:play-services-maps:19.2.0] AndroidManifest.xml:27:5-30:15
34
35        <!-- Needs to be explicitly declared on Android R+ -->
36        <package android:name="com.google.android.apps.maps" />
36-->[com.google.android.gms:play-services-maps:19.2.0] AndroidManifest.xml:29:7-61
36-->[com.google.android.gms:play-services-maps:19.2.0] AndroidManifest.xml:29:16-59
37    </queries>
38
39    <uses-permission android:name="com.google.android.providers.gsf.permission.READ_GSERVICES" />
39-->[com.google.android.recaptcha:recaptcha:18.6.1] AndroidManifest.xml:9:5-98
39-->[com.google.android.recaptcha:recaptcha:18.6.1] AndroidManifest.xml:9:22-95
40
41    <permission
41-->[androidx.core:core:1.16.0] AndroidManifest.xml:22:5-24:47
42        android:name="com.wepool.app.DYNAMIC_RECEIVER_NOT_EXPORTED_PERMISSION"
42-->[androidx.core:core:1.16.0] AndroidManifest.xml:23:9-81
43        android:protectionLevel="signature" />
43-->[androidx.core:core:1.16.0] AndroidManifest.xml:24:9-44
44
45    <uses-permission android:name="com.wepool.app.DYNAMIC_RECEIVER_NOT_EXPORTED_PERMISSION" />
45-->[androidx.core:core:1.16.0] AndroidManifest.xml:26:5-97
45-->[androidx.core:core:1.16.0] AndroidManifest.xml:26:22-94
46
47    <application
47-->src\main\AndroidManifest.xml:19:5-57:19
48        android:allowBackup="true"
48-->src\main\AndroidManifest.xml:20:9-35
49        android:appComponentFactory="androidx.core.app.CoreComponentFactory"
49-->[androidx.core:core:1.16.0] AndroidManifest.xml:28:18-86
50        android:dataExtractionRules="@xml/data_extraction_rules"
50-->src\main\AndroidManifest.xml:21:9-65
51        android:debuggable="true"
52        android:extractNativeLibs="false"
53        android:fullBackupContent="@xml/backup_rules"
53-->src\main\AndroidManifest.xml:22:9-54
54        android:icon="@mipmap/ic_launcher"
54-->src\main\AndroidManifest.xml:23:9-43
55        android:label="@string/app_name"
55-->src\main\AndroidManifest.xml:24:9-41
56        android:roundIcon="@mipmap/ic_launcher_round"
56-->src\main\AndroidManifest.xml:25:9-54
57        android:supportsRtl="true"
57-->src\main\AndroidManifest.xml:26:9-35
58        android:testOnly="true"
59        android:theme="@style/Theme.WePool" >
59-->src\main\AndroidManifest.xml:27:9-44
60        <meta-data
61            android:name="com.google.android.geo.API_KEY"
61-->src\main\AndroidManifest.xml:31:13-58
62            android:value="AIzaSyDgto-lJncUbesPTvjCaQkNMo7fSJeJPv8" />
62-->src\main\AndroidManifest.xml:32:13-42
63
64        <activity
64-->src\main\AndroidManifest.xml:34:9-42:20
65            android:name="com.wepool.app.MainActivity"
65-->src\main\AndroidManifest.xml:35:13-41
66            android:exported="true"
66-->src\main\AndroidManifest.xml:36:13-36
67            android:theme="@style/Theme.WePool" >
67-->src\main\AndroidManifest.xml:37:13-48
68            <intent-filter>
68-->src\main\AndroidManifest.xml:38:13-41:29
69                <action android:name="android.intent.action.MAIN" />
69-->src\main\AndroidManifest.xml:39:17-69
69-->src\main\AndroidManifest.xml:39:25-66
70
71                <category android:name="android.intent.category.LAUNCHER" />
71-->src\main\AndroidManifest.xml:40:17-77
71-->src\main\AndroidManifest.xml:40:27-74
72            </intent-filter>
73        </activity>
74
75        <service
75-->src\main\AndroidManifest.xml:44:9-48:56
76            android:name="com.wepool.app.infrastructure.navigation.RideNavigationForegroundService"
76-->src\main\AndroidManifest.xml:45:13-86
77            android:enabled="true"
77-->src\main\AndroidManifest.xml:47:13-35
78            android:exported="false"
78-->src\main\AndroidManifest.xml:46:13-37
79            android:foregroundServiceType="location" />
79-->src\main\AndroidManifest.xml:48:13-53
80        <service
80-->src\main\AndroidManifest.xml:50:9-56:19
81            android:name="com.wepool.app.notifications.FirebaseMessagingService"
81-->src\main\AndroidManifest.xml:51:13-67
82            android:exported="false" >
82-->src\main\AndroidManifest.xml:52:13-37
83            <intent-filter>
83-->src\main\AndroidManifest.xml:53:13-55:29
84                <action android:name="com.google.firebase.MESSAGING_EVENT" />
84-->src\main\AndroidManifest.xml:54:17-78
84-->src\main\AndroidManifest.xml:54:25-75
85            </intent-filter>
86        </service>
87
88        <activity
88-->[androidx.compose.ui:ui-tooling-android:1.8.1] AndroidManifest.xml:23:9-25:39
89            android:name="androidx.compose.ui.tooling.PreviewActivity"
89-->[androidx.compose.ui:ui-tooling-android:1.8.1] AndroidManifest.xml:24:13-71
90            android:exported="true" />
90-->[androidx.compose.ui:ui-tooling-android:1.8.1] AndroidManifest.xml:25:13-36
91        <activity
91-->[androidx.compose.ui:ui-test-manifest:1.8.1] AndroidManifest.xml:23:9-26:79
92            android:name="androidx.activity.ComponentActivity"
92-->[androidx.compose.ui:ui-test-manifest:1.8.1] AndroidManifest.xml:24:13-63
93            android:exported="true"
93-->[androidx.compose.ui:ui-test-manifest:1.8.1] AndroidManifest.xml:25:13-36
94            android:theme="@android:style/Theme.Material.Light.NoActionBar" />
94-->[androidx.compose.ui:ui-test-manifest:1.8.1] AndroidManifest.xml:26:13-76
95
96        <receiver
96-->[com.google.firebase:firebase-messaging:24.1.1] AndroidManifest.xml:29:9-40:20
97            android:name="com.google.firebase.iid.FirebaseInstanceIdReceiver"
97-->[com.google.firebase:firebase-messaging:24.1.1] AndroidManifest.xml:30:13-78
98            android:exported="true"
98-->[com.google.firebase:firebase-messaging:24.1.1] AndroidManifest.xml:31:13-36
99            android:permission="com.google.android.c2dm.permission.SEND" >
99-->[com.google.firebase:firebase-messaging:24.1.1] AndroidManifest.xml:32:13-73
100            <intent-filter>
100-->[com.google.firebase:firebase-messaging:24.1.1] AndroidManifest.xml:33:13-35:29
101                <action android:name="com.google.android.c2dm.intent.RECEIVE" />
101-->[com.google.firebase:firebase-messaging:24.1.1] AndroidManifest.xml:34:17-81
101-->[com.google.firebase:firebase-messaging:24.1.1] AndroidManifest.xml:34:25-78
102            </intent-filter>
103
104            <meta-data
104-->[com.google.firebase:firebase-messaging:24.1.1] AndroidManifest.xml:37:13-39:40
105                android:name="com.google.android.gms.cloudmessaging.FINISHED_AFTER_HANDLED"
105-->[com.google.firebase:firebase-messaging:24.1.1] AndroidManifest.xml:38:17-92
106                android:value="true" />
106-->[com.google.firebase:firebase-messaging:24.1.1] AndroidManifest.xml:39:17-37
107        </receiver>
108        <!--
109             FirebaseMessagingService performs security checks at runtime,
110             but set to not exported to explicitly avoid allowing another app to call it.
111        -->
112        <service
112-->[com.google.firebase:firebase-messaging:24.1.1] AndroidManifest.xml:46:9-53:19
113            android:name="com.google.firebase.messaging.FirebaseMessagingService"
113-->[com.google.firebase:firebase-messaging:24.1.1] AndroidManifest.xml:47:13-82
114            android:directBootAware="true"
114-->[com.google.firebase:firebase-messaging:24.1.1] AndroidManifest.xml:48:13-43
115            android:exported="false" >
115-->[com.google.firebase:firebase-messaging:24.1.1] AndroidManifest.xml:49:13-37
116            <intent-filter android:priority="-500" >
116-->src\main\AndroidManifest.xml:53:13-55:29
117                <action android:name="com.google.firebase.MESSAGING_EVENT" />
117-->src\main\AndroidManifest.xml:54:17-78
117-->src\main\AndroidManifest.xml:54:25-75
118            </intent-filter>
119        </service>
120        <service
120-->[com.google.firebase:firebase-messaging:24.1.1] AndroidManifest.xml:54:9-63:19
121            android:name="com.google.firebase.components.ComponentDiscoveryService"
121-->[com.google.firebase:firebase-messaging:24.1.1] AndroidManifest.xml:55:13-84
122            android:directBootAware="true"
122-->[com.google.firebase:firebase-common:21.0.0] AndroidManifest.xml:32:13-43
123            android:exported="false" >
123-->[com.google.firebase:firebase-messaging:24.1.1] AndroidManifest.xml:56:13-37
124            <meta-data
124-->[com.google.firebase:firebase-messaging:24.1.1] AndroidManifest.xml:57:13-59:85
125                android:name="com.google.firebase.components:com.google.firebase.messaging.FirebaseMessagingKtxRegistrar"
125-->[com.google.firebase:firebase-messaging:24.1.1] AndroidManifest.xml:58:17-122
126                android:value="com.google.firebase.components.ComponentRegistrar" />
126-->[com.google.firebase:firebase-messaging:24.1.1] AndroidManifest.xml:59:17-82
127            <meta-data
127-->[com.google.firebase:firebase-messaging:24.1.1] AndroidManifest.xml:60:13-62:85
128                android:name="com.google.firebase.components:com.google.firebase.messaging.FirebaseMessagingRegistrar"
128-->[com.google.firebase:firebase-messaging:24.1.1] AndroidManifest.xml:61:17-119
129                android:value="com.google.firebase.components.ComponentRegistrar" />
129-->[com.google.firebase:firebase-messaging:24.1.1] AndroidManifest.xml:62:17-82
130            <meta-data
130-->[com.google.firebase:firebase-functions-ktx:21.2.1] AndroidManifest.xml:12:13-14:85
131                android:name="com.google.firebase.components:com.google.firebase.functions.ktx.FirebaseFunctionsLegacyRegistrar"
131-->[com.google.firebase:firebase-functions-ktx:21.2.1] AndroidManifest.xml:13:17-129
132                android:value="com.google.firebase.components.ComponentRegistrar" />
132-->[com.google.firebase:firebase-functions-ktx:21.2.1] AndroidManifest.xml:14:17-82
133            <meta-data
133-->[com.google.firebase:firebase-functions:21.2.1] AndroidManifest.xml:15:13-17:85
134                android:name="com.google.firebase.components:com.google.firebase.functions.FirebaseFunctionsKtxRegistrar"
134-->[com.google.firebase:firebase-functions:21.2.1] AndroidManifest.xml:16:17-122
135                android:value="com.google.firebase.components.ComponentRegistrar" />
135-->[com.google.firebase:firebase-functions:21.2.1] AndroidManifest.xml:17:17-82
136            <meta-data
136-->[com.google.firebase:firebase-functions:21.2.1] AndroidManifest.xml:18:13-20:85
137                android:name="com.google.firebase.components:com.google.firebase.functions.FunctionsRegistrar"
137-->[com.google.firebase:firebase-functions:21.2.1] AndroidManifest.xml:19:17-111
138                android:value="com.google.firebase.components.ComponentRegistrar" />
138-->[com.google.firebase:firebase-functions:21.2.1] AndroidManifest.xml:20:17-82
139            <meta-data
139-->[com.google.firebase:firebase-firestore-ktx:25.1.4] AndroidManifest.xml:12:13-14:85
140                android:name="com.google.firebase.components:com.google.firebase.firestore.ktx.FirebaseFirestoreLegacyRegistrar"
140-->[com.google.firebase:firebase-firestore-ktx:25.1.4] AndroidManifest.xml:13:17-129
141                android:value="com.google.firebase.components.ComponentRegistrar" />
141-->[com.google.firebase:firebase-firestore-ktx:25.1.4] AndroidManifest.xml:14:17-82
142            <meta-data
142-->[com.google.firebase:firebase-firestore:25.1.4] AndroidManifest.xml:17:13-19:85
143                android:name="com.google.firebase.components:com.google.firebase.firestore.FirebaseFirestoreKtxRegistrar"
143-->[com.google.firebase:firebase-firestore:25.1.4] AndroidManifest.xml:18:17-122
144                android:value="com.google.firebase.components.ComponentRegistrar" />
144-->[com.google.firebase:firebase-firestore:25.1.4] AndroidManifest.xml:19:17-82
145            <meta-data
145-->[com.google.firebase:firebase-firestore:25.1.4] AndroidManifest.xml:20:13-22:85
146                android:name="com.google.firebase.components:com.google.firebase.firestore.FirestoreRegistrar"
146-->[com.google.firebase:firebase-firestore:25.1.4] AndroidManifest.xml:21:17-111
147                android:value="com.google.firebase.components.ComponentRegistrar" />
147-->[com.google.firebase:firebase-firestore:25.1.4] AndroidManifest.xml:22:17-82
148            <meta-data
148-->[com.google.firebase:firebase-auth-ktx:23.2.0] AndroidManifest.xml:11:13-13:85
149                android:name="com.google.firebase.components:com.google.firebase.auth.ktx.FirebaseAuthLegacyRegistrar"
149-->[com.google.firebase:firebase-auth-ktx:23.2.0] AndroidManifest.xml:12:17-119
150                android:value="com.google.firebase.components.ComponentRegistrar" />
150-->[com.google.firebase:firebase-auth-ktx:23.2.0] AndroidManifest.xml:13:17-82
151            <meta-data
151-->[com.google.firebase:firebase-auth:23.2.0] AndroidManifest.xml:69:13-71:85
152                android:name="com.google.firebase.components:com.google.firebase.auth.FirebaseAuthRegistrar"
152-->[com.google.firebase:firebase-auth:23.2.0] AndroidManifest.xml:70:17-109
153                android:value="com.google.firebase.components.ComponentRegistrar" />
153-->[com.google.firebase:firebase-auth:23.2.0] AndroidManifest.xml:71:17-82
154            <meta-data
154-->[com.google.firebase:firebase-iid:21.1.0] AndroidManifest.xml:32:13-34:85
155                android:name="com.google.firebase.components:com.google.firebase.iid.Registrar"
155-->[com.google.firebase:firebase-iid:21.1.0] AndroidManifest.xml:33:17-96
156                android:value="com.google.firebase.components.ComponentRegistrar" />
156-->[com.google.firebase:firebase-iid:21.1.0] AndroidManifest.xml:34:17-82
157            <meta-data
157-->[com.google.firebase:firebase-installations:18.0.0] AndroidManifest.xml:15:13-17:85
158                android:name="com.google.firebase.components:com.google.firebase.installations.FirebaseInstallationsKtxRegistrar"
158-->[com.google.firebase:firebase-installations:18.0.0] AndroidManifest.xml:16:17-130
159                android:value="com.google.firebase.components.ComponentRegistrar" />
159-->[com.google.firebase:firebase-installations:18.0.0] AndroidManifest.xml:17:17-82
160            <meta-data
160-->[com.google.firebase:firebase-installations:18.0.0] AndroidManifest.xml:18:13-20:85
161                android:name="com.google.firebase.components:com.google.firebase.installations.FirebaseInstallationsRegistrar"
161-->[com.google.firebase:firebase-installations:18.0.0] AndroidManifest.xml:19:17-127
162                android:value="com.google.firebase.components.ComponentRegistrar" />
162-->[com.google.firebase:firebase-installations:18.0.0] AndroidManifest.xml:20:17-82
163            <meta-data
163-->[com.google.firebase:firebase-common-ktx:21.0.0] AndroidManifest.xml:12:13-14:85
164                android:name="com.google.firebase.components:com.google.firebase.ktx.FirebaseCommonLegacyRegistrar"
164-->[com.google.firebase:firebase-common-ktx:21.0.0] AndroidManifest.xml:13:17-116
165                android:value="com.google.firebase.components.ComponentRegistrar" />
165-->[com.google.firebase:firebase-common-ktx:21.0.0] AndroidManifest.xml:14:17-82
166            <meta-data
166-->[com.google.firebase:firebase-common:21.0.0] AndroidManifest.xml:35:13-37:85
167                android:name="com.google.firebase.components:com.google.firebase.FirebaseCommonKtxRegistrar"
167-->[com.google.firebase:firebase-common:21.0.0] AndroidManifest.xml:36:17-109
168                android:value="com.google.firebase.components.ComponentRegistrar" />
168-->[com.google.firebase:firebase-common:21.0.0] AndroidManifest.xml:37:17-82
169            <meta-data
169-->[com.google.firebase:firebase-datatransport:18.2.0] AndroidManifest.xml:25:13-27:85
170                android:name="com.google.firebase.components:com.google.firebase.datatransport.TransportRegistrar"
170-->[com.google.firebase:firebase-datatransport:18.2.0] AndroidManifest.xml:26:17-115
171                android:value="com.google.firebase.components.ComponentRegistrar" />
171-->[com.google.firebase:firebase-datatransport:18.2.0] AndroidManifest.xml:27:17-82
172        </service> <!-- Needs to be explicitly declared on P+ -->
173        <uses-library
173-->[com.google.android.gms:play-services-maps:19.2.0] AndroidManifest.xml:33:7-86
174            android:name="org.apache.http.legacy"
174-->[com.google.android.gms:play-services-maps:19.2.0] AndroidManifest.xml:33:21-58
175            android:required="false" />
175-->[com.google.android.gms:play-services-maps:19.2.0] AndroidManifest.xml:33:59-83
176
177        <activity
177-->[com.google.firebase:firebase-auth:23.2.0] AndroidManifest.xml:29:9-46:20
178            android:name="com.google.firebase.auth.internal.GenericIdpActivity"
178-->[com.google.firebase:firebase-auth:23.2.0] AndroidManifest.xml:30:13-80
179            android:excludeFromRecents="true"
179-->[com.google.firebase:firebase-auth:23.2.0] AndroidManifest.xml:31:13-46
180            android:exported="true"
180-->[com.google.firebase:firebase-auth:23.2.0] AndroidManifest.xml:32:13-36
181            android:launchMode="singleTask"
181-->[com.google.firebase:firebase-auth:23.2.0] AndroidManifest.xml:33:13-44
182            android:theme="@android:style/Theme.Translucent.NoTitleBar" >
182-->[com.google.firebase:firebase-auth:23.2.0] AndroidManifest.xml:34:13-72
183            <intent-filter>
183-->[com.google.firebase:firebase-auth:23.2.0] AndroidManifest.xml:35:13-45:29
184                <action android:name="android.intent.action.VIEW" />
184-->[com.google.firebase:firebase-auth:23.2.0] AndroidManifest.xml:36:17-69
184-->[com.google.firebase:firebase-auth:23.2.0] AndroidManifest.xml:36:25-66
185
186                <category android:name="android.intent.category.DEFAULT" />
186-->[com.google.firebase:firebase-auth:23.2.0] AndroidManifest.xml:38:17-76
186-->[com.google.firebase:firebase-auth:23.2.0] AndroidManifest.xml:38:27-73
187                <category android:name="android.intent.category.BROWSABLE" />
187-->[com.google.firebase:firebase-auth:23.2.0] AndroidManifest.xml:39:17-78
187-->[com.google.firebase:firebase-auth:23.2.0] AndroidManifest.xml:39:27-75
188
189                <data
189-->[com.google.firebase:firebase-auth:23.2.0] AndroidManifest.xml:41:17-44:51
190                    android:host="firebase.auth"
190-->[com.google.firebase:firebase-auth:23.2.0] AndroidManifest.xml:42:21-49
191                    android:path="/"
191-->[com.google.firebase:firebase-auth:23.2.0] AndroidManifest.xml:43:21-37
192                    android:scheme="genericidp" />
192-->[com.google.firebase:firebase-auth:23.2.0] AndroidManifest.xml:44:21-48
193            </intent-filter>
194        </activity>
195        <activity
195-->[com.google.firebase:firebase-auth:23.2.0] AndroidManifest.xml:47:9-64:20
196            android:name="com.google.firebase.auth.internal.RecaptchaActivity"
196-->[com.google.firebase:firebase-auth:23.2.0] AndroidManifest.xml:48:13-79
197            android:excludeFromRecents="true"
197-->[com.google.firebase:firebase-auth:23.2.0] AndroidManifest.xml:49:13-46
198            android:exported="true"
198-->[com.google.firebase:firebase-auth:23.2.0] AndroidManifest.xml:50:13-36
199            android:launchMode="singleTask"
199-->[com.google.firebase:firebase-auth:23.2.0] AndroidManifest.xml:51:13-44
200            android:theme="@android:style/Theme.Translucent.NoTitleBar" >
200-->[com.google.firebase:firebase-auth:23.2.0] AndroidManifest.xml:52:13-72
201            <intent-filter>
201-->[com.google.firebase:firebase-auth:23.2.0] AndroidManifest.xml:53:13-63:29
202                <action android:name="android.intent.action.VIEW" />
202-->[com.google.firebase:firebase-auth:23.2.0] AndroidManifest.xml:36:17-69
202-->[com.google.firebase:firebase-auth:23.2.0] AndroidManifest.xml:36:25-66
203
204                <category android:name="android.intent.category.DEFAULT" />
204-->[com.google.firebase:firebase-auth:23.2.0] AndroidManifest.xml:38:17-76
204-->[com.google.firebase:firebase-auth:23.2.0] AndroidManifest.xml:38:27-73
205                <category android:name="android.intent.category.BROWSABLE" />
205-->[com.google.firebase:firebase-auth:23.2.0] AndroidManifest.xml:39:17-78
205-->[com.google.firebase:firebase-auth:23.2.0] AndroidManifest.xml:39:27-75
206
207                <data
207-->[com.google.firebase:firebase-auth:23.2.0] AndroidManifest.xml:41:17-44:51
208                    android:host="firebase.auth"
208-->[com.google.firebase:firebase-auth:23.2.0] AndroidManifest.xml:42:21-49
209                    android:path="/"
209-->[com.google.firebase:firebase-auth:23.2.0] AndroidManifest.xml:43:21-37
210                    android:scheme="recaptcha" />
210-->[com.google.firebase:firebase-auth:23.2.0] AndroidManifest.xml:44:21-48
211            </intent-filter>
212        </activity>
213
214        <service
214-->[androidx.credentials:credentials-play-services-auth:1.2.0-rc01] AndroidManifest.xml:24:9-32:19
215            android:name="androidx.credentials.playservices.CredentialProviderMetadataHolder"
215-->[androidx.credentials:credentials-play-services-auth:1.2.0-rc01] AndroidManifest.xml:25:13-94
216            android:enabled="true"
216-->[androidx.credentials:credentials-play-services-auth:1.2.0-rc01] AndroidManifest.xml:26:13-35
217            android:exported="false" >
217-->[androidx.credentials:credentials-play-services-auth:1.2.0-rc01] AndroidManifest.xml:27:13-37
218            <meta-data
218-->[androidx.credentials:credentials-play-services-auth:1.2.0-rc01] AndroidManifest.xml:29:13-31:104
219                android:name="androidx.credentials.CREDENTIAL_PROVIDER_KEY"
219-->[androidx.credentials:credentials-play-services-auth:1.2.0-rc01] AndroidManifest.xml:30:17-76
220                android:value="androidx.credentials.playservices.CredentialProviderPlayServicesImpl" />
220-->[androidx.credentials:credentials-play-services-auth:1.2.0-rc01] AndroidManifest.xml:31:17-101
221        </service>
222
223        <activity
223-->[androidx.credentials:credentials-play-services-auth:1.2.0-rc01] AndroidManifest.xml:34:9-41:20
224            android:name="androidx.credentials.playservices.HiddenActivity"
224-->[androidx.credentials:credentials-play-services-auth:1.2.0-rc01] AndroidManifest.xml:35:13-76
225            android:configChanges="orientation|screenSize|screenLayout|keyboardHidden"
225-->[androidx.credentials:credentials-play-services-auth:1.2.0-rc01] AndroidManifest.xml:36:13-87
226            android:enabled="true"
226-->[androidx.credentials:credentials-play-services-auth:1.2.0-rc01] AndroidManifest.xml:37:13-35
227            android:exported="false"
227-->[androidx.credentials:credentials-play-services-auth:1.2.0-rc01] AndroidManifest.xml:38:13-37
228            android:fitsSystemWindows="true"
228-->[androidx.credentials:credentials-play-services-auth:1.2.0-rc01] AndroidManifest.xml:39:13-45
229            android:theme="@style/Theme.Hidden" >
229-->[androidx.credentials:credentials-play-services-auth:1.2.0-rc01] AndroidManifest.xml:40:13-48
230        </activity>
231        <activity
231-->[com.google.android.gms:play-services-auth:20.7.0] AndroidManifest.xml:23:9-27:75
232            android:name="com.google.android.gms.auth.api.signin.internal.SignInHubActivity"
232-->[com.google.android.gms:play-services-auth:20.7.0] AndroidManifest.xml:24:13-93
233            android:excludeFromRecents="true"
233-->[com.google.android.gms:play-services-auth:20.7.0] AndroidManifest.xml:25:13-46
234            android:exported="false"
234-->[com.google.android.gms:play-services-auth:20.7.0] AndroidManifest.xml:26:13-37
235            android:theme="@android:style/Theme.Translucent.NoTitleBar" />
235-->[com.google.android.gms:play-services-auth:20.7.0] AndroidManifest.xml:27:13-72
236        <!--
237            Service handling Google Sign-In user revocation. For apps that do not integrate with
238            Google Sign-In, this service will never be started.
239        -->
240        <service
240-->[com.google.android.gms:play-services-auth:20.7.0] AndroidManifest.xml:33:9-37:51
241            android:name="com.google.android.gms.auth.api.signin.RevocationBoundService"
241-->[com.google.android.gms:play-services-auth:20.7.0] AndroidManifest.xml:34:13-89
242            android:exported="true"
242-->[com.google.android.gms:play-services-auth:20.7.0] AndroidManifest.xml:35:13-36
243            android:permission="com.google.android.gms.auth.api.signin.permission.REVOCATION_NOTIFICATION"
243-->[com.google.android.gms:play-services-auth:20.7.0] AndroidManifest.xml:36:13-107
244            android:visibleToInstantApps="true" />
244-->[com.google.android.gms:play-services-auth:20.7.0] AndroidManifest.xml:37:13-48
245
246        <activity
246-->[com.google.android.gms:play-services-base:18.5.0] AndroidManifest.xml:5:9-173
247            android:name="com.google.android.gms.common.api.GoogleApiActivity"
247-->[com.google.android.gms:play-services-base:18.5.0] AndroidManifest.xml:5:19-85
248            android:exported="false"
248-->[com.google.android.gms:play-services-base:18.5.0] AndroidManifest.xml:5:146-170
249            android:theme="@android:style/Theme.Translucent.NoTitleBar" />
249-->[com.google.android.gms:play-services-base:18.5.0] AndroidManifest.xml:5:86-145
250
251        <provider
251-->[com.google.firebase:firebase-common:21.0.0] AndroidManifest.xml:23:9-28:39
252            android:name="com.google.firebase.provider.FirebaseInitProvider"
252-->[com.google.firebase:firebase-common:21.0.0] AndroidManifest.xml:24:13-77
253            android:authorities="com.wepool.app.firebaseinitprovider"
253-->[com.google.firebase:firebase-common:21.0.0] AndroidManifest.xml:25:13-72
254            android:directBootAware="true"
254-->[com.google.firebase:firebase-common:21.0.0] AndroidManifest.xml:26:13-43
255            android:exported="false"
255-->[com.google.firebase:firebase-common:21.0.0] AndroidManifest.xml:27:13-37
256            android:initOrder="100" />
256-->[com.google.firebase:firebase-common:21.0.0] AndroidManifest.xml:28:13-36
257
258        <meta-data
258-->[com.google.android.gms:play-services-basement:18.4.0] AndroidManifest.xml:6:9-122
259            android:name="com.google.android.gms.version"
259-->[com.google.android.gms:play-services-basement:18.4.0] AndroidManifest.xml:6:20-65
260            android:value="@integer/google_play_services_version" />
260-->[com.google.android.gms:play-services-basement:18.4.0] AndroidManifest.xml:6:66-119
261
262        <provider
262-->[androidx.emoji2:emoji2:1.4.0] AndroidManifest.xml:24:9-32:20